==============================================================================
20170130 20:50:38.689 - INFO - + START SUITE: Acceptancetest [ ]
==============================================================================
20170130 20:50:55.918 - INFO - +- START SUITE: Acceptancetest.TicTacToeGUITests [ ]
==============================================================================
20170130 20:50:55.935 - INFO - +-- START TEST: Win Diagonally as X [ ]
------------------------------------------------------------------------------
20170130 20:50:55.947 - INFO - +--- START KW: Start New Game [ ]
20170130 20:50:55.958 - INFO - +---- START KW: SwingLibrary.Start Application [ edu.jsu.mcis.TicTacToeGame ]
20170130 20:50:56.095 - FAIL - edu.jsu.mcis.TicTacToeGame
20170130 20:50:56.102 - DEBUG - java.lang.RuntimeException: 
	at org.robotframework.javalib.library.AnnotationLibrary.retrieveInnerException(AnnotationLibrary.java:148)
	at org.robotframework.javalib.library.AnnotationLibrary.runKeyword(AnnotationLibrary.java:130)
	at org.robotframework.swing.SwingLibrary.runKeyword(SwingLibrary.java:112)
	at robot.model.testcase$py.visit$7(/Users/jmalinen/Documents/workspace/robotframework/build/Lib/robot/model/testcase.py:73)
	at robot.model.testcase$py.call_function(/Users/jmalinen/Documents/workspace/robotframework/build/Lib/robot/model/testcase.py)
	at robot.model.itemlist$py.visit$10(/Users/jmalinen/Documents/workspace/robotframework/build/Lib/robot/model/itemlist.py:68)
	at robot.model.itemlist$py.call_function(/Users/jmalinen/Documents/workspace/robotframework/build/Lib/robot/model/itemlist.py)
	at robot.model.visitor$py.visit_suite$2(/Users/jmalinen/Documents/workspace/robotframework/build/Lib/robot/model/visitor.py:87)
	at robot.model.visitor$py.call_function(/Users/jmalinen/Documents/workspace/robotframework/build/Lib/robot/model/visitor.py)
	at robot.model.testsuite$py.visit$19(/Users/jmalinen/Documents/workspace/robotframework/build/Lib/robot/model/testsuite.py:160)
	at robot.model.testsuite$py.call_function(/Users/jmalinen/Documents/workspace/robotframework/build/Lib/robot/model/testsuite.py)
	at robot.model.itemlist$py.visit$10(/Users/jmalinen/Documents/workspace/robotframework/build/Lib/robot/model/itemlist.py:68)
	at robot.model.itemlist$py.call_function(/Users/jmalinen/Documents/workspace/robotframework/build/Lib/robot/model/itemlist.py)
	at robot.model.visitor$py.visit_suite$2(/Users/jmalinen/Documents/workspace/robotframework/build/Lib/robot/model/visitor.py:87)
	at robot.model.visitor$py.call_function(/Users/jmalinen/Documents/workspace/robotframework/build/Lib/robot/model/visitor.py)
	at robot.model.testsuite$py.visit$19(/Users/jmalinen/Documents/workspace/robotframework/build/Lib/robot/model/testsuite.py:160)
	at robot.model.testsuite$py.call_function(/Users/jmalinen/Documents/workspace/robotframework/build/Lib/robot/model/testsuite.py)
	at robot.run$py.main$3(/Users/jmalinen/Documents/workspace/robotframework/build/Lib/robot/run.py:441)
	at robot.run$py.call_function(/Users/jmalinen/Documents/workspace/robotframework/build/Lib/robot/run.py)
	at robot.utils.application$py._execute$10(/Users/jmalinen/Documents/workspace/robotframework/build/Lib/robot/utils/application.py:91)
	at robot.utils.application$py.call_function(/Users/jmalinen/Documents/workspace/robotframework/build/Lib/robot/utils/application.py)
	at robot.utils.application$py.execute_cli$5(/Users/jmalinen/Documents/workspace/robotframework/build/Lib/robot/utils/application.py:46)
	at robot.utils.application$py.call_function(/Users/jmalinen/Documents/workspace/robotframework/build/Lib/robot/utils/application.py)
	at robot.run$py.run_cli$7(/Users/jmalinen/Documents/workspace/robotframework/build/Lib/robot/run.py:466)
	at robot.run$py.call_function(/Users/jmalinen/Documents/workspace/robotframework/build/Lib/robot/run.py)
	at robot.jarrunner$py._run$3(/Users/jmalinen/Documents/workspace/robotframework/build/Lib/robot/jarrunner.py:63)
	at robot.jarrunner$py.call_function(/Users/jmalinen/Documents/workspace/robotframework/build/Lib/robot/jarrunner.py)
	at robot.jarrunner$py.run$2(/Users/jmalinen/Documents/workspace/robotframework/build/Lib/robot/jarrunner.py:56)
	at robot.jarrunner$py.call_function(/Users/jmalinen/Documents/workspace/robotframework/build/Lib/robot/jarrunner.py)
	at org.robotframework.RobotRunner.run(RobotRunner.java:73)
	at org.robotframework.RobotFramework.run(RobotFramework.java:60)
	at org.codehaus.groovy.reflection.CachedMethod.invoke(CachedMethod.java:93)
	at groovy.lang.MetaMethod.doMethodInvoke(MetaMethod.java:325)
	at org.codehaus.groovy.runtime.callsite.StaticMetaMethodSite.invoke(StaticMetaMethodSite.java:46)
	at org.codehaus.groovy.runtime.callsite.StaticMetaMethodSite.call(StaticMetaMethodSite.java:91)
	at org.codehaus.groovy.runtime.callsite.CallSiteArray.defaultCall(CallSiteArray.java:48)
	at org.codehaus.groovy.runtime.callsite.AbstractCallSite.call(AbstractCallSite.java:113)
	at org.codehaus.groovy.runtime.callsite.AbstractCallSite.call(AbstractCallSite.java:125)
	at org.roboscratch.gradle.RunRobot.run(RunRobot.groovy:184)
	at org.gradle.internal.reflect.JavaMethod.invoke(JavaMethod.java:73)
	at org.gradle.api.internal.project.taskfactory.DefaultTaskClassInfoStore$StandardTaskAction.doExecute(DefaultTaskClassInfoStore.java:141)
	at org.gradle.api.internal.project.taskfactory.DefaultTaskClassInfoStore$StandardTaskAction.execute(DefaultTaskClassInfoStore.java:134)
	at org.gradle.api.internal.project.taskfactory.DefaultTaskClassInfoStore$StandardTaskAction.execute(DefaultTaskClassInfoStore.java:123)
	at org.gradle.api.internal.AbstractTask$TaskActionWrapper.execute(AbstractTask.java:624)
	at org.gradle.api.internal.AbstractTask$TaskActionWrapper.execute(AbstractTask.java:607)
	at org.gradle.api.internal.tasks.execution.ExecuteActionsTaskExecuter.executeAction(ExecuteActionsTaskExecuter.java:95)
	at org.gradle.api.internal.tasks.execution.ExecuteActionsTaskExecuter.executeActions(ExecuteActionsTaskExecuter.java:76)
	at org.gradle.api.internal.tasks.execution.ExecuteActionsTaskExecuter.execute(ExecuteActionsTaskExecuter.java:55)
	at org.gradle.api.internal.tasks.execution.SkipUpToDateTaskExecuter.execute(SkipUpToDateTaskExecuter.java:61)
	at org.gradle.api.internal.tasks.execution.ValidatingTaskExecuter.execute(ValidatingTaskExecuter.java:58)
	at org.gradle.api.internal.tasks.execution.SkipEmptySourceFilesTaskExecuter.execute(SkipEmptySourceFilesTaskExecuter.java:88)
	at org.gradle.api.internal.tasks.execution.ResolveTaskArtifactStateTaskExecuter.execute(ResolveTaskArtifactStateTaskExecuter.java:45)
	at org.gradle.api.internal.tasks.execution.SkipTaskWithNoActionsExecuter.execute(SkipTaskWithNoActionsExecuter.java:51)
	at org.gradle.api.internal.tasks.execution.SkipOnlyIfTaskExecuter.execute(SkipOnlyIfTaskExecuter.java:54)
	at org.gradle.api.internal.tasks.execution.ExecuteAtMostOnceTaskExecuter.execute(ExecuteAtMostOnceTaskExecuter.java:43)
	at org.gradle.api.internal.tasks.execution.CatchExceptionTaskExecuter.execute(CatchExceptionTaskExecuter.java:34)
	at org.gradle.execution.taskgraph.DefaultTaskGraphExecuter$EventFiringTaskWorker.execute(DefaultTaskGraphExecuter.java:233)
	at org.gradle.execution.taskgraph.DefaultTaskGraphExecuter$EventFiringTaskWorker.execute(DefaultTaskGraphExecuter.java:215)
	at org.gradle.execution.taskgraph.AbstractTaskPlanExecutor$TaskExecutorWorker.processTask(AbstractTaskPlanExecutor.java:74)
	at org.gradle.execution.taskgraph.AbstractTaskPlanExecutor$TaskExecutorWorker.run(AbstractTaskPlanExecutor.java:55)
	at org.gradle.execution.taskgraph.DefaultTaskPlanExecutor.process(DefaultTaskPlanExecutor.java:32)
	at org.gradle.execution.taskgraph.DefaultTaskGraphExecuter.execute(DefaultTaskGraphExecuter.java:113)
	at org.gradle.execution.SelectedTaskExecutionAction.execute(SelectedTaskExecutionAction.java:37)
	at org.gradle.execution.DefaultBuildExecuter.execute(DefaultBuildExecuter.java:37)
	at org.gradle.execution.DefaultBuildExecuter.access$000(DefaultBuildExecuter.java:23)
	at org.gradle.execution.DefaultBuildExecuter$1.proceed(DefaultBuildExecuter.java:43)
	at org.gradle.execution.DryRunBuildExecutionAction.execute(DryRunBuildExecutionAction.java:32)
	at org.gradle.execution.DefaultBuildExecuter.execute(DefaultBuildExecuter.java:37)
	at org.gradle.execution.DefaultBuildExecuter.execute(DefaultBuildExecuter.java:30)
	at org.gradle.initialization.DefaultGradleLauncher$4.run(DefaultGradleLauncher.java:197)
	at org.gradle.internal.Factories$1.create(Factories.java:25)
	at org.gradle.internal.progress.DefaultBuildOperationExecutor.run(DefaultBuildOperationExecutor.java:91)
	at org.gradle.internal.progress.DefaultBuildOperationExecutor.run(DefaultBuildOperationExecutor.java:53)
	at org.gradle.initialization.DefaultGradleLauncher.doBuildStages(DefaultGradleLauncher.java:194)
	at org.gradle.initialization.DefaultGradleLauncher.access$200(DefaultGradleLauncher.java:36)
	at org.gradle.initialization.DefaultGradleLauncher$1.create(DefaultGradleLauncher.java:118)
	at org.gradle.initialization.DefaultGradleLauncher$1.create(DefaultGradleLauncher.java:112)
	at org.gradle.internal.progress.DefaultBuildOperationExecutor.run(DefaultBuildOperationExecutor.java:91)
	at org.gradle.internal.progress.DefaultBuildOperationExecutor.run(DefaultBuildOperationExecutor.java:63)
	at org.gradle.initialization.DefaultGradleLauncher.doBuild(DefaultGradleLauncher.java:112)
	at org.gradle.initialization.DefaultGradleLauncher.run(DefaultGradleLauncher.java:98)
	at org.gradle.launcher.exec.GradleBuildController.run(GradleBuildController.java:66)
	at org.gradle.tooling.internal.provider.ExecuteBuildActionRunner.run(ExecuteBuildActionRunner.java:28)
	at org.gradle.launcher.exec.ChainingBuildActionRunner.run(ChainingBuildActionRunner.java:35)
	at org.gradle.launcher.exec.InProcessBuildActionExecuter.execute(InProcessBuildActionExecuter.java:41)
	at org.gradle.launcher.exec.InProcessBuildActionExecuter.execute(InProcessBuildActionExecuter.java:26)
	at org.gradle.tooling.internal.provider.ContinuousBuildActionExecuter.execute(ContinuousBuildActionExecuter.java:75)
	at org.gradle.tooling.internal.provider.ContinuousBuildActionExecuter.execute(ContinuousBuildActionExecuter.java:49)
	at org.gradle.tooling.internal.provider.ServicesSetupBuildActionExecuter.execute(ServicesSetupBuildActionExecuter.java:44)
	at org.gradle.tooling.internal.provider.ServicesSetupBuildActionExecuter.execute(ServicesSetupBuildActionExecuter.java:29)
	at org.gradle.launcher.daemon.server.exec.ExecuteBuild.doBuild(ExecuteBuild.java:67)
	at org.gradle.launcher.daemon.server.exec.BuildCommandOnly.execute(BuildCommandOnly.java:36)
	at org.gradle.launcher.daemon.server.api.DaemonCommandExecution.proceed(DaemonCommandExecution.java:120)
	at org.gradle.launcher.daemon.server.exec.WatchForDisconnection.execute(WatchForDisconnection.java:47)
	at org.gradle.launcher.daemon.server.api.DaemonCommandExecution.proceed(DaemonCommandExecution.java:120)
	at org.gradle.launcher.daemon.server.exec.ResetDeprecationLogger.execute(ResetDeprecationLogger.java:26)
	at org.gradle.launcher.daemon.server.api.DaemonCommandExecution.proceed(DaemonCommandExecution.java:120)
	at org.gradle.launcher.daemon.server.exec.RequestStopIfSingleUsedDaemon.execute(RequestStopIfSingleUsedDaemon.java:34)
	at org.gradle.launcher.daemon.server.api.DaemonCommandExecution.proceed(DaemonCommandExecution.java:120)
	at org.gradle.launcher.daemon.server.exec.ForwardClientInput$2.call(ForwardClientInput.java:74)
	at org.gradle.launcher.daemon.server.exec.ForwardClientInput$2.call(ForwardClientInput.java:72)
	at org.gradle.util.Swapper.swap(Swapper.java:38)
	at org.gradle.launcher.daemon.server.exec.ForwardClientInput.execute(ForwardClientInput.java:72)
	at org.gradle.launcher.daemon.server.api.DaemonCommandExecution.proceed(DaemonCommandExecution.java:120)
	at org.gradle.launcher.daemon.server.exec.LogAndCheckHealth.execute(LogAndCheckHealth.java:55)
	at org.gradle.launcher.daemon.server.api.DaemonCommandExecution.proceed(DaemonCommandExecution.java:120)
	at org.gradle.launcher.daemon.server.exec.LogToClient.doBuild(LogToClient.java:60)
	at org.gradle.launcher.daemon.server.exec.BuildCommandOnly.execute(BuildCommandOnly.java:36)
	at org.gradle.launcher.daemon.server.api.DaemonCommandExecution.proceed(DaemonCommandExecution.java:120)
	at org.gradle.launcher.daemon.server.exec.EstablishBuildEnvironment.doBuild(EstablishBuildEnvironment.java:72)
	at org.gradle.launcher.daemon.server.exec.BuildCommandOnly.execute(BuildCommandOnly.java:36)
	at org.gradle.launcher.daemon.server.api.DaemonCommandExecution.proceed(DaemonCommandExecution.java:120)
	at org.gradle.launcher.daemon.server.exec.StartBuildOrRespondWithBusy$1.run(StartBuildOrRespondWithBusy.java:50)
	at org.gradle.launcher.daemon.server.DaemonStateCoordinator$1.run(DaemonStateCoordinator.java:293)
	at org.gradle.internal.concurrent.ExecutorPolicy$CatchAndRecordFailures.onExecute(ExecutorPolicy.java:54)
	at org.gradle.internal.concurrent.StoppableExecutorImpl$1.run(StoppableExecutorImpl.java:40)
	at java.util.concurrent.ThreadPoolExecutor.runWorker(ThreadPoolExecutor.java:1142)
	at java.util.concurrent.ThreadPoolExecutor$Worker.run(ThreadPoolExecutor.java:617)
	at java.lang.Thread.run(Thread.java:745)
Caused by: java.lang.ClassNotFoundException: edu.jsu.mcis.TicTacToeGame
	at java.net.URLClassLoader.findClass(URLClassLoader.java:381)
	at java.lang.ClassLoader.loadClass(ClassLoader.java:424)
	at java.lang.ClassLoader.loadClass(ClassLoader.java:357)
	at java.lang.Class.forName0(Native Method)
	at java.lang.Class.forName(Class.java:264)
	at org.robotframework.swing.keyword.launch.ApplicationLaunchingKeywords.getMainMethod(ApplicationLaunchingKeywords.java:75)
	at org.robotframework.swing.keyword.launch.ApplicationLaunchingKeywords.launchApplication(ApplicationLaunchingKeywords.java:33)
	at org.robotframework.swing.keyword.launch.ApplicationLaunchingKeywords.startApplication(ApplicationLaunchingKeywords.java:41)
	at org.robotframework.javalib.reflection.KeywordInvoker.invoke(KeywordInvoker.java:50)
	at org.robotframework.javalib.beans.annotation.AnnotationKeywordExtractor$1.execute(AnnotationKeywordExtractor.java:62)
	at org.robotframework.javalib.library.KeywordFactoryBasedLibrary.runKeyword(KeywordFactoryBasedLibrary.java:37)
	at org.robotframework.javalib.library.AnnotationLibrary.runKeyword(AnnotationLibrary.java:128)
	... 290 more
20170130 20:50:56.111 - INFO - +---- END KW: SwingLibrary.Start Application (150)
20170130 20:50:56.119 - INFO - +--- END KW: Start New Game (170)
------------------------------------------------------------------------------
20170130 20:50:56.131 - INFO - +-- END TEST: Win Diagonally as X (192)
------------------------------------------------------------------------------
20170130 20:50:56.138 - INFO - +-- START TEST: Win Horizontally as O [ ]
------------------------------------------------------------------------------
20170130 20:50:56.150 - INFO - +--- START KW: Start New Game [ ]
20170130 20:50:56.155 - INFO - +---- START KW: SwingLibrary.Start Application [ edu.jsu.mcis.TicTacToeGame ]
20170130 20:50:56.239 - FAIL - edu.jsu.mcis.TicTacToeGame
20170130 20:50:56.243 - DEBUG - java.lang.RuntimeException: 
	at org.robotframework.javalib.library.AnnotationLibrary.retrieveInnerException(AnnotationLibrary.java:148)
	at org.robotframework.javalib.library.AnnotationLibrary.runKeyword(AnnotationLibrary.java:130)
	at org.robotframework.swing.SwingLibrary.runKeyword(SwingLibrary.java:112)
	at robot.model.testcase$py.visit$7(/Users/jmalinen/Documents/workspace/robotframework/build/Lib/robot/model/testcase.py:73)
	at robot.model.testcase$py.call_function(/Users/jmalinen/Documents/workspace/robotframework/build/Lib/robot/model/testcase.py)
	at robot.model.itemlist$py.visit$10(/Users/jmalinen/Documents/workspace/robotframework/build/Lib/robot/model/itemlist.py:68)
	at robot.model.itemlist$py.call_function(/Users/jmalinen/Documents/workspace/robotframework/build/Lib/robot/model/itemlist.py)
	at robot.model.visitor$py.visit_suite$2(/Users/jmalinen/Documents/workspace/robotframework/build/Lib/robot/model/visitor.py:87)
	at robot.model.visitor$py.call_function(/Users/jmalinen/Documents/workspace/robotframework/build/Lib/robot/model/visitor.py)
	at robot.model.testsuite$py.visit$19(/Users/jmalinen/Documents/workspace/robotframework/build/Lib/robot/model/testsuite.py:160)
	at robot.model.testsuite$py.call_function(/Users/jmalinen/Documents/workspace/robotframework/build/Lib/robot/model/testsuite.py)
	at robot.model.itemlist$py.visit$10(/Users/jmalinen/Documents/workspace/robotframework/build/Lib/robot/model/itemlist.py:68)
	at robot.model.itemlist$py.call_function(/Users/jmalinen/Documents/workspace/robotframework/build/Lib/robot/model/itemlist.py)
	at robot.model.visitor$py.visit_suite$2(/Users/jmalinen/Documents/workspace/robotframework/build/Lib/robot/model/visitor.py:87)
	at robot.model.visitor$py.call_function(/Users/jmalinen/Documents/workspace/robotframework/build/Lib/robot/model/visitor.py)
	at robot.model.testsuite$py.visit$19(/Users/jmalinen/Documents/workspace/robotframework/build/Lib/robot/model/testsuite.py:160)
	at robot.model.testsuite$py.call_function(/Users/jmalinen/Documents/workspace/robotframework/build/Lib/robot/model/testsuite.py)
	at robot.run$py.main$3(/Users/jmalinen/Documents/workspace/robotframework/build/Lib/robot/run.py:441)
	at robot.run$py.call_function(/Users/jmalinen/Documents/workspace/robotframework/build/Lib/robot/run.py)
	at robot.utils.application$py._execute$10(/Users/jmalinen/Documents/workspace/robotframework/build/Lib/robot/utils/application.py:91)
	at robot.utils.application$py.call_function(/Users/jmalinen/Documents/workspace/robotframework/build/Lib/robot/utils/application.py)
	at robot.utils.application$py.execute_cli$5(/Users/jmalinen/Documents/workspace/robotframework/build/Lib/robot/utils/application.py:46)
	at robot.utils.application$py.call_function(/Users/jmalinen/Documents/workspace/robotframework/build/Lib/robot/utils/application.py)
	at robot.run$py.run_cli$7(/Users/jmalinen/Documents/workspace/robotframework/build/Lib/robot/run.py:466)
	at robot.run$py.call_function(/Users/jmalinen/Documents/workspace/robotframework/build/Lib/robot/run.py)
	at robot.jarrunner$py._run$3(/Users/jmalinen/Documents/workspace/robotframework/build/Lib/robot/jarrunner.py:63)
	at robot.jarrunner$py.call_function(/Users/jmalinen/Documents/workspace/robotframework/build/Lib/robot/jarrunner.py)
	at robot.jarrunner$py.run$2(/Users/jmalinen/Documents/workspace/robotframework/build/Lib/robot/jarrunner.py:56)
	at robot.jarrunner$py.call_function(/Users/jmalinen/Documents/workspace/robotframework/build/Lib/robot/jarrunner.py)
	at org.robotframework.RobotRunner.run(RobotRunner.java:73)
	at org.robotframework.RobotFramework.run(RobotFramework.java:60)
	at org.codehaus.groovy.reflection.CachedMethod.invoke(CachedMethod.java:93)
	at groovy.lang.MetaMethod.doMethodInvoke(MetaMethod.java:325)
	at org.codehaus.groovy.runtime.callsite.StaticMetaMethodSite.invoke(StaticMetaMethodSite.java:46)
	at org.codehaus.groovy.runtime.callsite.StaticMetaMethodSite.call(StaticMetaMethodSite.java:91)
	at org.codehaus.groovy.runtime.callsite.CallSiteArray.defaultCall(CallSiteArray.java:48)
	at org.codehaus.groovy.runtime.callsite.AbstractCallSite.call(AbstractCallSite.java:113)
	at org.codehaus.groovy.runtime.callsite.AbstractCallSite.call(AbstractCallSite.java:125)
	at org.roboscratch.gradle.RunRobot.run(RunRobot.groovy:184)
	at org.gradle.internal.reflect.JavaMethod.invoke(JavaMethod.java:73)
	at org.gradle.api.internal.project.taskfactory.DefaultTaskClassInfoStore$StandardTaskAction.doExecute(DefaultTaskClassInfoStore.java:141)
	at org.gradle.api.internal.project.taskfactory.DefaultTaskClassInfoStore$StandardTaskAction.execute(DefaultTaskClassInfoStore.java:134)
	at org.gradle.api.internal.project.taskfactory.DefaultTaskClassInfoStore$StandardTaskAction.execute(DefaultTaskClassInfoStore.java:123)
	at org.gradle.api.internal.AbstractTask$TaskActionWrapper.execute(AbstractTask.java:624)
	at org.gradle.api.internal.AbstractTask$TaskActionWrapper.execute(AbstractTask.java:607)
	at org.gradle.api.internal.tasks.execution.ExecuteActionsTaskExecuter.executeAction(ExecuteActionsTaskExecuter.java:95)
	at org.gradle.api.internal.tasks.execution.ExecuteActionsTaskExecuter.executeActions(ExecuteActionsTaskExecuter.java:76)
	at org.gradle.api.internal.tasks.execution.ExecuteActionsTaskExecuter.execute(ExecuteActionsTaskExecuter.java:55)
	at org.gradle.api.internal.tasks.execution.SkipUpToDateTaskExecuter.execute(SkipUpToDateTaskExecuter.java:61)
	at org.gradle.api.internal.tasks.execution.ValidatingTaskExecuter.execute(ValidatingTaskExecuter.java:58)
	at org.gradle.api.internal.tasks.execution.SkipEmptySourceFilesTaskExecuter.execute(SkipEmptySourceFilesTaskExecuter.java:88)
	at org.gradle.api.internal.tasks.execution.ResolveTaskArtifactStateTaskExecuter.execute(ResolveTaskArtifactStateTaskExecuter.java:45)
	at org.gradle.api.internal.tasks.execution.SkipTaskWithNoActionsExecuter.execute(SkipTaskWithNoActionsExecuter.java:51)
	at org.gradle.api.internal.tasks.execution.SkipOnlyIfTaskExecuter.execute(SkipOnlyIfTaskExecuter.java:54)
	at org.gradle.api.internal.tasks.execution.ExecuteAtMostOnceTaskExecuter.execute(ExecuteAtMostOnceTaskExecuter.java:43)
	at org.gradle.api.internal.tasks.execution.CatchExceptionTaskExecuter.execute(CatchExceptionTaskExecuter.java:34)
	at org.gradle.execution.taskgraph.DefaultTaskGraphExecuter$EventFiringTaskWorker.execute(DefaultTaskGraphExecuter.java:233)
	at org.gradle.execution.taskgraph.DefaultTaskGraphExecuter$EventFiringTaskWorker.execute(DefaultTaskGraphExecuter.java:215)
	at org.gradle.execution.taskgraph.AbstractTaskPlanExecutor$TaskExecutorWorker.processTask(AbstractTaskPlanExecutor.java:74)
	at org.gradle.execution.taskgraph.AbstractTaskPlanExecutor$TaskExecutorWorker.run(AbstractTaskPlanExecutor.java:55)
	at org.gradle.execution.taskgraph.DefaultTaskPlanExecutor.process(DefaultTaskPlanExecutor.java:32)
	at org.gradle.execution.taskgraph.DefaultTaskGraphExecuter.execute(DefaultTaskGraphExecuter.java:113)
	at org.gradle.execution.SelectedTaskExecutionAction.execute(SelectedTaskExecutionAction.java:37)
	at org.gradle.execution.DefaultBuildExecuter.execute(DefaultBuildExecuter.java:37)
	at org.gradle.execution.DefaultBuildExecuter.access$000(DefaultBuildExecuter.java:23)
	at org.gradle.execution.DefaultBuildExecuter$1.proceed(DefaultBuildExecuter.java:43)
	at org.gradle.execution.DryRunBuildExecutionAction.execute(DryRunBuildExecutionAction.java:32)
	at org.gradle.execution.DefaultBuildExecuter.execute(DefaultBuildExecuter.java:37)
	at org.gradle.execution.DefaultBuildExecuter.execute(DefaultBuildExecuter.java:30)
	at org.gradle.initialization.DefaultGradleLauncher$4.run(DefaultGradleLauncher.java:197)
	at org.gradle.internal.Factories$1.create(Factories.java:25)
	at org.gradle.internal.progress.DefaultBuildOperationExecutor.run(DefaultBuildOperationExecutor.java:91)
	at org.gradle.internal.progress.DefaultBuildOperationExecutor.run(DefaultBuildOperationExecutor.java:53)
	at org.gradle.initialization.DefaultGradleLauncher.doBuildStages(DefaultGradleLauncher.java:194)
	at org.gradle.initialization.DefaultGradleLauncher.access$200(DefaultGradleLauncher.java:36)
	at org.gradle.initialization.DefaultGradleLauncher$1.create(DefaultGradleLauncher.java:118)
	at org.gradle.initialization.DefaultGradleLauncher$1.create(DefaultGradleLauncher.java:112)
	at org.gradle.internal.progress.DefaultBuildOperationExecutor.run(DefaultBuildOperationExecutor.java:91)
	at org.gradle.internal.progress.DefaultBuildOperationExecutor.run(DefaultBuildOperationExecutor.java:63)
	at org.gradle.initialization.DefaultGradleLauncher.doBuild(DefaultGradleLauncher.java:112)
	at org.gradle.initialization.DefaultGradleLauncher.run(DefaultGradleLauncher.java:98)
	at org.gradle.launcher.exec.GradleBuildController.run(GradleBuildController.java:66)
	at org.gradle.tooling.internal.provider.ExecuteBuildActionRunner.run(ExecuteBuildActionRunner.java:28)
	at org.gradle.launcher.exec.ChainingBuildActionRunner.run(ChainingBuildActionRunner.java:35)
	at org.gradle.launcher.exec.InProcessBuildActionExecuter.execute(InProcessBuildActionExecuter.java:41)
	at org.gradle.launcher.exec.InProcessBuildActionExecuter.execute(InProcessBuildActionExecuter.java:26)
	at org.gradle.tooling.internal.provider.ContinuousBuildActionExecuter.execute(ContinuousBuildActionExecuter.java:75)
	at org.gradle.tooling.internal.provider.ContinuousBuildActionExecuter.execute(ContinuousBuildActionExecuter.java:49)
	at org.gradle.tooling.internal.provider.ServicesSetupBuildActionExecuter.execute(ServicesSetupBuildActionExecuter.java:44)
	at org.gradle.tooling.internal.provider.ServicesSetupBuildActionExecuter.execute(ServicesSetupBuildActionExecuter.java:29)
	at org.gradle.launcher.daemon.server.exec.ExecuteBuild.doBuild(ExecuteBuild.java:67)
	at org.gradle.launcher.daemon.server.exec.BuildCommandOnly.execute(BuildCommandOnly.java:36)
	at org.gradle.launcher.daemon.server.api.DaemonCommandExecution.proceed(DaemonCommandExecution.java:120)
	at org.gradle.launcher.daemon.server.exec.WatchForDisconnection.execute(WatchForDisconnection.java:47)
	at org.gradle.launcher.daemon.server.api.DaemonCommandExecution.proceed(DaemonCommandExecution.java:120)
	at org.gradle.launcher.daemon.server.exec.ResetDeprecationLogger.execute(ResetDeprecationLogger.java:26)
	at org.gradle.launcher.daemon.server.api.DaemonCommandExecution.proceed(DaemonCommandExecution.java:120)
	at org.gradle.launcher.daemon.server.exec.RequestStopIfSingleUsedDaemon.execute(RequestStopIfSingleUsedDaemon.java:34)
	at org.gradle.launcher.daemon.server.api.DaemonCommandExecution.proceed(DaemonCommandExecution.java:120)
	at org.gradle.launcher.daemon.server.exec.ForwardClientInput$2.call(ForwardClientInput.java:74)
	at org.gradle.launcher.daemon.server.exec.ForwardClientInput$2.call(ForwardClientInput.java:72)
	at org.gradle.util.Swapper.swap(Swapper.java:38)
	at org.gradle.launcher.daemon.server.exec.ForwardClientInput.execute(ForwardClientInput.java:72)
	at org.gradle.launcher.daemon.server.api.DaemonCommandExecution.proceed(DaemonCommandExecution.java:120)
	at org.gradle.launcher.daemon.server.exec.LogAndCheckHealth.execute(LogAndCheckHealth.java:55)
	at org.gradle.launcher.daemon.server.api.DaemonCommandExecution.proceed(DaemonCommandExecution.java:120)
	at org.gradle.launcher.daemon.server.exec.LogToClient.doBuild(LogToClient.java:60)
	at org.gradle.launcher.daemon.server.exec.BuildCommandOnly.execute(BuildCommandOnly.java:36)
	at org.gradle.launcher.daemon.server.api.DaemonCommandExecution.proceed(DaemonCommandExecution.java:120)
	at org.gradle.launcher.daemon.server.exec.EstablishBuildEnvironment.doBuild(EstablishBuildEnvironment.java:72)
	at org.gradle.launcher.daemon.server.exec.BuildCommandOnly.execute(BuildCommandOnly.java:36)
	at org.gradle.launcher.daemon.server.api.DaemonCommandExecution.proceed(DaemonCommandExecution.java:120)
	at org.gradle.launcher.daemon.server.exec.StartBuildOrRespondWithBusy$1.run(StartBuildOrRespondWithBusy.java:50)
	at org.gradle.launcher.daemon.server.DaemonStateCoordinator$1.run(DaemonStateCoordinator.java:293)
	at org.gradle.internal.concurrent.ExecutorPolicy$CatchAndRecordFailures.onExecute(ExecutorPolicy.java:54)
	at org.gradle.internal.concurrent.StoppableExecutorImpl$1.run(StoppableExecutorImpl.java:40)
	at java.util.concurrent.ThreadPoolExecutor.runWorker(ThreadPoolExecutor.java:1142)
	at java.util.concurrent.ThreadPoolExecutor$Worker.run(ThreadPoolExecutor.java:617)
	at java.lang.Thread.run(Thread.java:745)
Caused by: java.lang.ClassNotFoundException: edu.jsu.mcis.TicTacToeGame
	at java.net.URLClassLoader.findClass(URLClassLoader.java:381)
	at java.lang.ClassLoader.loadClass(ClassLoader.java:424)
	at java.lang.ClassLoader.loadClass(ClassLoader.java:357)
	at java.lang.Class.forName0(Native Method)
	at java.lang.Class.forName(Class.java:264)
	at org.robotframework.swing.keyword.launch.ApplicationLaunchingKeywords.getMainMethod(ApplicationLaunchingKeywords.java:75)
	at org.robotframework.swing.keyword.launch.ApplicationLaunchingKeywords.launchApplication(ApplicationLaunchingKeywords.java:33)
	at org.robotframework.swing.keyword.launch.ApplicationLaunchingKeywords.startApplication(ApplicationLaunchingKeywords.java:41)
	at org.robotframework.javalib.reflection.KeywordInvoker.invoke(KeywordInvoker.java:50)
	at org.robotframework.javalib.beans.annotation.AnnotationKeywordExtractor$1.execute(AnnotationKeywordExtractor.java:62)
	at org.robotframework.javalib.library.KeywordFactoryBasedLibrary.runKeyword(KeywordFactoryBasedLibrary.java:37)
	at org.robotframework.javalib.library.AnnotationLibrary.runKeyword(AnnotationLibrary.java:128)
	... 290 more
20170130 20:50:56.253 - INFO - +---- END KW: SwingLibrary.Start Application (96)
20170130 20:50:56.259 - INFO - +--- END KW: Start New Game (109)
------------------------------------------------------------------------------
20170130 20:50:56.268 - INFO - +-- END TEST: Win Horizontally as O (126)
------------------------------------------------------------------------------
20170130 20:50:56.273 - INFO - +-- START TEST: Force a Tie [ ]
------------------------------------------------------------------------------
20170130 20:50:56.279 - INFO - +--- START KW: Start New Game [ ]
20170130 20:50:56.286 - INFO - +---- START KW: SwingLibrary.Start Application [ edu.jsu.mcis.TicTacToeGame ]
20170130 20:50:56.334 - FAIL - edu.jsu.mcis.TicTacToeGame
20170130 20:50:56.336 - DEBUG - java.lang.RuntimeException: 
	at org.robotframework.javalib.library.AnnotationLibrary.retrieveInnerException(AnnotationLibrary.java:148)
	at org.robotframework.javalib.library.AnnotationLibrary.runKeyword(AnnotationLibrary.java:130)
	at org.robotframework.swing.SwingLibrary.runKeyword(SwingLibrary.java:112)
	at robot.model.testcase$py.visit$7(/Users/jmalinen/Documents/workspace/robotframework/build/Lib/robot/model/testcase.py:73)
	at robot.model.testcase$py.call_function(/Users/jmalinen/Documents/workspace/robotframework/build/Lib/robot/model/testcase.py)
	at robot.model.itemlist$py.visit$10(/Users/jmalinen/Documents/workspace/robotframework/build/Lib/robot/model/itemlist.py:68)
	at robot.model.itemlist$py.call_function(/Users/jmalinen/Documents/workspace/robotframework/build/Lib/robot/model/itemlist.py)
	at robot.model.visitor$py.visit_suite$2(/Users/jmalinen/Documents/workspace/robotframework/build/Lib/robot/model/visitor.py:87)
	at robot.model.visitor$py.call_function(/Users/jmalinen/Documents/workspace/robotframework/build/Lib/robot/model/visitor.py)
	at robot.model.testsuite$py.visit$19(/Users/jmalinen/Documents/workspace/robotframework/build/Lib/robot/model/testsuite.py:160)
	at robot.model.testsuite$py.call_function(/Users/jmalinen/Documents/workspace/robotframework/build/Lib/robot/model/testsuite.py)
	at robot.model.itemlist$py.visit$10(/Users/jmalinen/Documents/workspace/robotframework/build/Lib/robot/model/itemlist.py:68)
	at robot.model.itemlist$py.call_function(/Users/jmalinen/Documents/workspace/robotframework/build/Lib/robot/model/itemlist.py)
	at robot.model.visitor$py.visit_suite$2(/Users/jmalinen/Documents/workspace/robotframework/build/Lib/robot/model/visitor.py:87)
	at robot.model.visitor$py.call_function(/Users/jmalinen/Documents/workspace/robotframework/build/Lib/robot/model/visitor.py)
	at robot.model.testsuite$py.visit$19(/Users/jmalinen/Documents/workspace/robotframework/build/Lib/robot/model/testsuite.py:160)
	at robot.model.testsuite$py.call_function(/Users/jmalinen/Documents/workspace/robotframework/build/Lib/robot/model/testsuite.py)
	at robot.run$py.main$3(/Users/jmalinen/Documents/workspace/robotframework/build/Lib/robot/run.py:441)
	at robot.run$py.call_function(/Users/jmalinen/Documents/workspace/robotframework/build/Lib/robot/run.py)
	at robot.utils.application$py._execute$10(/Users/jmalinen/Documents/workspace/robotframework/build/Lib/robot/utils/application.py:91)
	at robot.utils.application$py.call_function(/Users/jmalinen/Documents/workspace/robotframework/build/Lib/robot/utils/application.py)
	at robot.utils.application$py.execute_cli$5(/Users/jmalinen/Documents/workspace/robotframework/build/Lib/robot/utils/application.py:46)
	at robot.utils.application$py.call_function(/Users/jmalinen/Documents/workspace/robotframework/build/Lib/robot/utils/application.py)
	at robot.run$py.run_cli$7(/Users/jmalinen/Documents/workspace/robotframework/build/Lib/robot/run.py:466)
	at robot.run$py.call_function(/Users/jmalinen/Documents/workspace/robotframework/build/Lib/robot/run.py)
	at robot.jarrunner$py._run$3(/Users/jmalinen/Documents/workspace/robotframework/build/Lib/robot/jarrunner.py:63)
	at robot.jarrunner$py.call_function(/Users/jmalinen/Documents/workspace/robotframework/build/Lib/robot/jarrunner.py)
	at robot.jarrunner$py.run$2(/Users/jmalinen/Documents/workspace/robotframework/build/Lib/robot/jarrunner.py:56)
	at robot.jarrunner$py.call_function(/Users/jmalinen/Documents/workspace/robotframework/build/Lib/robot/jarrunner.py)
	at org.robotframework.RobotRunner.run(RobotRunner.java:73)
	at org.robotframework.RobotFramework.run(RobotFramework.java:60)
	at org.codehaus.groovy.reflection.CachedMethod.invoke(CachedMethod.java:93)
	at groovy.lang.MetaMethod.doMethodInvoke(MetaMethod.java:325)
	at org.codehaus.groovy.runtime.callsite.StaticMetaMethodSite.invoke(StaticMetaMethodSite.java:46)
	at org.codehaus.groovy.runtime.callsite.StaticMetaMethodSite.call(StaticMetaMethodSite.java:91)
	at org.codehaus.groovy.runtime.callsite.CallSiteArray.defaultCall(CallSiteArray.java:48)
	at org.codehaus.groovy.runtime.callsite.AbstractCallSite.call(AbstractCallSite.java:113)
	at org.codehaus.groovy.runtime.callsite.AbstractCallSite.call(AbstractCallSite.java:125)
	at org.roboscratch.gradle.RunRobot.run(RunRobot.groovy:184)
	at org.gradle.internal.reflect.JavaMethod.invoke(JavaMethod.java:73)
	at org.gradle.api.internal.project.taskfactory.DefaultTaskClassInfoStore$StandardTaskAction.doExecute(DefaultTaskClassInfoStore.java:141)
	at org.gradle.api.internal.project.taskfactory.DefaultTaskClassInfoStore$StandardTaskAction.execute(DefaultTaskClassInfoStore.java:134)
	at org.gradle.api.internal.project.taskfactory.DefaultTaskClassInfoStore$StandardTaskAction.execute(DefaultTaskClassInfoStore.java:123)
	at org.gradle.api.internal.AbstractTask$TaskActionWrapper.execute(AbstractTask.java:624)
	at org.gradle.api.internal.AbstractTask$TaskActionWrapper.execute(AbstractTask.java:607)
	at org.gradle.api.internal.tasks.execution.ExecuteActionsTaskExecuter.executeAction(ExecuteActionsTaskExecuter.java:95)
	at org.gradle.api.internal.tasks.execution.ExecuteActionsTaskExecuter.executeActions(ExecuteActionsTaskExecuter.java:76)
	at org.gradle.api.internal.tasks.execution.ExecuteActionsTaskExecuter.execute(ExecuteActionsTaskExecuter.java:55)
	at org.gradle.api.internal.tasks.execution.SkipUpToDateTaskExecuter.execute(SkipUpToDateTaskExecuter.java:61)
	at org.gradle.api.internal.tasks.execution.ValidatingTaskExecuter.execute(ValidatingTaskExecuter.java:58)
	at org.gradle.api.internal.tasks.execution.SkipEmptySourceFilesTaskExecuter.execute(SkipEmptySourceFilesTaskExecuter.java:88)
	at org.gradle.api.internal.tasks.execution.ResolveTaskArtifactStateTaskExecuter.execute(ResolveTaskArtifactStateTaskExecuter.java:45)
	at org.gradle.api.internal.tasks.execution.SkipTaskWithNoActionsExecuter.execute(SkipTaskWithNoActionsExecuter.java:51)
	at org.gradle.api.internal.tasks.execution.SkipOnlyIfTaskExecuter.execute(SkipOnlyIfTaskExecuter.java:54)
	at org.gradle.api.internal.tasks.execution.ExecuteAtMostOnceTaskExecuter.execute(ExecuteAtMostOnceTaskExecuter.java:43)
	at org.gradle.api.internal.tasks.execution.CatchExceptionTaskExecuter.execute(CatchExceptionTaskExecuter.java:34)
	at org.gradle.execution.taskgraph.DefaultTaskGraphExecuter$EventFiringTaskWorker.execute(DefaultTaskGraphExecuter.java:233)
	at org.gradle.execution.taskgraph.DefaultTaskGraphExecuter$EventFiringTaskWorker.execute(DefaultTaskGraphExecuter.java:215)
	at org.gradle.execution.taskgraph.AbstractTaskPlanExecutor$TaskExecutorWorker.processTask(AbstractTaskPlanExecutor.java:74)
	at org.gradle.execution.taskgraph.AbstractTaskPlanExecutor$TaskExecutorWorker.run(AbstractTaskPlanExecutor.java:55)
	at org.gradle.execution.taskgraph.DefaultTaskPlanExecutor.process(DefaultTaskPlanExecutor.java:32)
	at org.gradle.execution.taskgraph.DefaultTaskGraphExecuter.execute(DefaultTaskGraphExecuter.java:113)
	at org.gradle.execution.SelectedTaskExecutionAction.execute(SelectedTaskExecutionAction.java:37)
	at org.gradle.execution.DefaultBuildExecuter.execute(DefaultBuildExecuter.java:37)
	at org.gradle.execution.DefaultBuildExecuter.access$000(DefaultBuildExecuter.java:23)
	at org.gradle.execution.DefaultBuildExecuter$1.proceed(DefaultBuildExecuter.java:43)
	at org.gradle.execution.DryRunBuildExecutionAction.execute(DryRunBuildExecutionAction.java:32)
	at org.gradle.execution.DefaultBuildExecuter.execute(DefaultBuildExecuter.java:37)
	at org.gradle.execution.DefaultBuildExecuter.execute(DefaultBuildExecuter.java:30)
	at org.gradle.initialization.DefaultGradleLauncher$4.run(DefaultGradleLauncher.java:197)
	at org.gradle.internal.Factories$1.create(Factories.java:25)
	at org.gradle.internal.progress.DefaultBuildOperationExecutor.run(DefaultBuildOperationExecutor.java:91)
	at org.gradle.internal.progress.DefaultBuildOperationExecutor.run(DefaultBuildOperationExecutor.java:53)
	at org.gradle.initialization.DefaultGradleLauncher.doBuildStages(DefaultGradleLauncher.java:194)
	at org.gradle.initialization.DefaultGradleLauncher.access$200(DefaultGradleLauncher.java:36)
	at org.gradle.initialization.DefaultGradleLauncher$1.create(DefaultGradleLauncher.java:118)
	at org.gradle.initialization.DefaultGradleLauncher$1.create(DefaultGradleLauncher.java:112)
	at org.gradle.internal.progress.DefaultBuildOperationExecutor.run(DefaultBuildOperationExecutor.java:91)
	at org.gradle.internal.progress.DefaultBuildOperationExecutor.run(DefaultBuildOperationExecutor.java:63)
	at org.gradle.initialization.DefaultGradleLauncher.doBuild(DefaultGradleLauncher.java:112)
	at org.gradle.initialization.DefaultGradleLauncher.run(DefaultGradleLauncher.java:98)
	at org.gradle.launcher.exec.GradleBuildController.run(GradleBuildController.java:66)
	at org.gradle.tooling.internal.provider.ExecuteBuildActionRunner.run(ExecuteBuildActionRunner.java:28)
	at org.gradle.launcher.exec.ChainingBuildActionRunner.run(ChainingBuildActionRunner.java:35)
	at org.gradle.launcher.exec.InProcessBuildActionExecuter.execute(InProcessBuildActionExecuter.java:41)
	at org.gradle.launcher.exec.InProcessBuildActionExecuter.execute(InProcessBuildActionExecuter.java:26)
	at org.gradle.tooling.internal.provider.ContinuousBuildActionExecuter.execute(ContinuousBuildActionExecuter.java:75)
	at org.gradle.tooling.internal.provider.ContinuousBuildActionExecuter.execute(ContinuousBuildActionExecuter.java:49)
	at org.gradle.tooling.internal.provider.ServicesSetupBuildActionExecuter.execute(ServicesSetupBuildActionExecuter.java:44)
	at org.gradle.tooling.internal.provider.ServicesSetupBuildActionExecuter.execute(ServicesSetupBuildActionExecuter.java:29)
	at org.gradle.launcher.daemon.server.exec.ExecuteBuild.doBuild(ExecuteBuild.java:67)
	at org.gradle.launcher.daemon.server.exec.BuildCommandOnly.execute(BuildCommandOnly.java:36)
	at org.gradle.launcher.daemon.server.api.DaemonCommandExecution.proceed(DaemonCommandExecution.java:120)
	at org.gradle.launcher.daemon.server.exec.WatchForDisconnection.execute(WatchForDisconnection.java:47)
	at org.gradle.launcher.daemon.server.api.DaemonCommandExecution.proceed(DaemonCommandExecution.java:120)
	at org.gradle.launcher.daemon.server.exec.ResetDeprecationLogger.execute(ResetDeprecationLogger.java:26)
	at org.gradle.launcher.daemon.server.api.DaemonCommandExecution.proceed(DaemonCommandExecution.java:120)
	at org.gradle.launcher.daemon.server.exec.RequestStopIfSingleUsedDaemon.execute(RequestStopIfSingleUsedDaemon.java:34)
	at org.gradle.launcher.daemon.server.api.DaemonCommandExecution.proceed(DaemonCommandExecution.java:120)
	at org.gradle.launcher.daemon.server.exec.ForwardClientInput$2.call(ForwardClientInput.java:74)
	at org.gradle.launcher.daemon.server.exec.ForwardClientInput$2.call(ForwardClientInput.java:72)
	at org.gradle.util.Swapper.swap(Swapper.java:38)
	at org.gradle.launcher.daemon.server.exec.ForwardClientInput.execute(ForwardClientInput.java:72)
	at org.gradle.launcher.daemon.server.api.DaemonCommandExecution.proceed(DaemonCommandExecution.java:120)
	at org.gradle.launcher.daemon.server.exec.LogAndCheckHealth.execute(LogAndCheckHealth.java:55)
	at org.gradle.launcher.daemon.server.api.DaemonCommandExecution.proceed(DaemonCommandExecution.java:120)
	at org.gradle.launcher.daemon.server.exec.LogToClient.doBuild(LogToClient.java:60)
	at org.gradle.launcher.daemon.server.exec.BuildCommandOnly.execute(BuildCommandOnly.java:36)
	at org.gradle.launcher.daemon.server.api.DaemonCommandExecution.proceed(DaemonCommandExecution.java:120)
	at org.gradle.launcher.daemon.server.exec.EstablishBuildEnvironment.doBuild(EstablishBuildEnvironment.java:72)
	at org.gradle.launcher.daemon.server.exec.BuildCommandOnly.execute(BuildCommandOnly.java:36)
	at org.gradle.launcher.daemon.server.api.DaemonCommandExecution.proceed(DaemonCommandExecution.java:120)
	at org.gradle.launcher.daemon.server.exec.StartBuildOrRespondWithBusy$1.run(StartBuildOrRespondWithBusy.java:50)
	at org.gradle.launcher.daemon.server.DaemonStateCoordinator$1.run(DaemonStateCoordinator.java:293)
	at org.gradle.internal.concurrent.ExecutorPolicy$CatchAndRecordFailures.onExecute(ExecutorPolicy.java:54)
	at org.gradle.internal.concurrent.StoppableExecutorImpl$1.run(StoppableExecutorImpl.java:40)
	at java.util.concurrent.ThreadPoolExecutor.runWorker(ThreadPoolExecutor.java:1142)
	at java.util.concurrent.ThreadPoolExecutor$Worker.run(ThreadPoolExecutor.java:617)
	at java.lang.Thread.run(Thread.java:745)
Caused by: java.lang.ClassNotFoundException: edu.jsu.mcis.TicTacToeGame
	at java.net.URLClassLoader.findClass(URLClassLoader.java:381)
	at java.lang.ClassLoader.loadClass(ClassLoader.java:424)
	at java.lang.ClassLoader.loadClass(ClassLoader.java:357)
	at java.lang.Class.forName0(Native Method)
	at java.lang.Class.forName(Class.java:264)
	at org.robotframework.swing.keyword.launch.ApplicationLaunchingKeywords.getMainMethod(ApplicationLaunchingKeywords.java:75)
	at org.robotframework.swing.keyword.launch.ApplicationLaunchingKeywords.launchApplication(ApplicationLaunchingKeywords.java:33)
	at org.robotframework.swing.keyword.launch.ApplicationLaunchingKeywords.startApplication(ApplicationLaunchingKeywords.java:41)
	at org.robotframework.javalib.reflection.KeywordInvoker.invoke(KeywordInvoker.java:50)
	at org.robotframework.javalib.beans.annotation.AnnotationKeywordExtractor$1.execute(AnnotationKeywordExtractor.java:62)
	at org.robotframework.javalib.library.KeywordFactoryBasedLibrary.runKeyword(KeywordFactoryBasedLibrary.java:37)
	at org.robotframework.javalib.library.AnnotationLibrary.runKeyword(AnnotationLibrary.java:128)
	... 290 more
20170130 20:50:56.342 - INFO - +---- END KW: SwingLibrary.Start Application (54)
20170130 20:50:56.347 - INFO - +--- END KW: Start New Game (66)
------------------------------------------------------------------------------
20170130 20:50:56.358 - INFO - +-- END TEST: Force a Tie (81)
------------------------------------------------------------------------------
20170130 20:50:56.396 - INFO - +- END SUITE: Acceptancetest.TicTacToeGUITests (17676)
==============================================================================
20170130 20:50:56.439 - INFO - + END SUITE: Acceptancetest (17979)
==============================================================================
